  stdafx.cpp
  Connect.cpp
c:\users\gosha\desktop\итоговая курсовая\курсовая\курсовая\connect.cpp(8): error C2664: "SQLRETURN SQLGetDiagRecW(SQLSMALLINT,SQLHANDLE,SQLSMALLINT,SQLWCHAR *,SQLINTEGER *,SQLWCHAR *,SQLSMALLINT,SQLSMALLINT *)": невозможно преобразовать аргумент 4 из "SQLCHAR [1024]" в "SQLWCHAR *"
  c:\users\gosha\desktop\итоговая курсовая\курсовая\курсовая\connect.cpp(8): note: Типы, на которые указывают указатели, не связаны; для преобразования требуется reinterpret_cast, приведение в стиле С или приведение в стиле функции
c:\users\gosha\desktop\итоговая курсовая\курсовая\курсовая\connect.cpp(49): error C2664: "SQLRETURN SQLDriverConnectW(SQLHDBC,SQLHWND,SQLWCHAR *,SQLSMALLINT,SQLWCHAR *,SQLSMALLINT,SQLSMALLINT *,SQLUSMALLINT)": невозможно преобразовать аргумент 3 из "SQLCHAR *" в "SQLWCHAR *"
  c:\users\gosha\desktop\итоговая курсовая\курсовая\курсовая\connect.cpp(49): note: Типы, на которые указывают указатели, не связаны; для преобразования требуется reinterpret_cast, приведение в стиле С или приведение в стиле функции
c:\users\gosha\desktop\итоговая курсовая\курсовая\курсовая\connect.cpp(91): error C2664: "SQLRETURN SQLExecDirectW(SQLHSTMT,SQLWCHAR *,SQLINTEGER)": невозможно преобразовать аргумент 2 из "SQLCHAR *" в "SQLWCHAR *"
  c:\users\gosha\desktop\итоговая курсовая\курсовая\курсовая\connect.cpp(91): note: Типы, на которые указывают указатели, не связаны; для преобразования требуется reinterpret_cast, приведение в стиле С или приведение в стиле функции
c:\users\gosha\desktop\итоговая курсовая\курсовая\курсовая\connect.cpp(94): error C2664: "SQLRETURN SQLExecDirectW(SQLHSTMT,SQLWCHAR *,SQLINTEGER)": невозможно преобразовать аргумент 2 из "SQLCHAR *" в "SQLWCHAR *"
  c:\users\gosha\desktop\итоговая курсовая\курсовая\курсовая\connect.cpp(94): note: Типы, на которые указывают указатели, не связаны; для преобразования требуется reinterpret_cast, приведение в стиле С или приведение в стиле функции
c:\users\gosha\desktop\итоговая курсовая\курсовая\курсовая\connect.cpp(103): error C2664: "SQLRETURN SQLExecDirectW(SQLHSTMT,SQLWCHAR *,SQLINTEGER)": невозможно преобразовать аргумент 2 из "SQLCHAR *" в "SQLWCHAR *"
  c:\users\gosha\desktop\итоговая курсовая\курсовая\курсовая\connect.cpp(103): note: Типы, на которые указывают указатели, не связаны; для преобразования требуется reinterpret_cast, приведение в стиле С или приведение в стиле функции
  proverka.cpp
  Sklad.cpp
  sortirovka.cpp
  Курсовая.cpp
c:\users\gosha\desktop\итоговая курсовая\курсовая\курсовая\курсовая.cpp(114): error C2664: "BOOL AppendMenuW(HMENU,UINT,UINT_PTR,LPCWSTR)": невозможно преобразовать аргумент 4 из "const char [16]" в "LPCWSTR"
  c:\users\gosha\desktop\итоговая курсовая\курсовая\курсовая\курсовая.cpp(114): note: Типы, на которые указывают указатели, не связаны; для преобразования требуется reinterpret_cast, приведение в стиле С или приведение в стиле функции
c:\users\gosha\desktop\итоговая курсовая\курсовая\курсовая\курсовая.cpp(115): error C2664: "BOOL AppendMenuW(HMENU,UINT,UINT_PTR,LPCWSTR)": невозможно преобразовать аргумент 4 из "const char [6]" в "LPCWSTR"
  c:\users\gosha\desktop\итоговая курсовая\курсовая\курсовая\курсовая.cpp(115): note: Типы, на которые указывают указатели, не связаны; для преобразования требуется reinterpret_cast, приведение в стиле С или приведение в стиле функции
c:\users\gosha\desktop\итоговая курсовая\курсовая\курсовая\курсовая.cpp(117): error C2664: "BOOL AppendMenuW(HMENU,UINT,UINT_PTR,LPCWSTR)": невозможно преобразовать аргумент 4 из "const char [6]" в "LPCWSTR"
  c:\users\gosha\desktop\итоговая курсовая\курсовая\курсовая\курсовая.cpp(117): note: Типы, на которые указывают указатели, не связаны; для преобразования требуется reinterpret_cast, приведение в стиле С или приведение в стиле функции
c:\users\gosha\desktop\итоговая курсовая\курсовая\курсовая\курсовая.cpp(120): warning C4311: приведение типов: усечение указателя из "HMENU" в "UINT"
c:\users\gosha\desktop\итоговая курсовая\курсовая\курсовая\курсовая.cpp(120): warning C4302: приведение типов: усечение из "HMENU" к "UINT"
c:\users\gosha\desktop\итоговая курсовая\курсовая\курсовая\курсовая.cpp(120): error C2664: "BOOL AppendMenuW(HMENU,UINT,UINT_PTR,LPCWSTR)": невозможно преобразовать аргумент 4 из "const char [5]" в "LPCWSTR"
  c:\users\gosha\desktop\итоговая курсовая\курсовая\курсовая\курсовая.cpp(120): note: Типы, на которые указывают указатели, не связаны; для преобразования требуется reinterpret_cast, приведение в стиле С или приведение в стиле функции
c:\users\gosha\desktop\итоговая курсовая\курсовая\курсовая\курсовая.cpp(121): warning C4311: приведение типов: усечение указателя из "HMENU" в "UINT"
c:\users\gosha\desktop\итоговая курсовая\курсовая\курсовая\курсовая.cpp(121): warning C4302: приведение типов: усечение из "HMENU" к "UINT"
c:\users\gosha\desktop\итоговая курсовая\курсовая\курсовая\курсовая.cpp(121): error C2664: "BOOL AppendMenuW(HMENU,UINT,UINT_PTR,LPCWSTR)": невозможно преобразовать аргумент 4 из "const char [12]" в "LPCWSTR"
  c:\users\gosha\desktop\итоговая курсовая\курсовая\курсовая\курсовая.cpp(121): note: Типы, на которые указывают указатели, не связаны; для преобразования требуется reinterpret_cast, приведение в стиле С или приведение в стиле функции
c:\users\gosha\desktop\итоговая курсовая\курсовая\курсовая\курсовая.cpp(262): warning C4244: =: преобразование "LRESULT" в "int", возможна потеря данных
c:\users\gosha\desktop\итоговая курсовая\курсовая\курсовая\курсовая.cpp(265): error C2664: "int MessageBoxW(HWND,LPCWSTR,LPCWSTR,UINT)": невозможно преобразовать аргумент 2 из "const char [24]" в "LPCWSTR"
  c:\users\gosha\desktop\итоговая курсовая\курсовая\курсовая\курсовая.cpp(265): note: Типы, на которые указывают указатели, не связаны; для преобразования требуется reinterpret_cast, приведение в стиле С или приведение в стиле функции
c:\users\gosha\desktop\итоговая курсовая\курсовая\курсовая\курсовая.cpp(275): error C2664: "int MessageBoxW(HWND,LPCWSTR,LPCWSTR,UINT)": невозможно преобразовать аргумент 2 из "const char [32]" в "LPCWSTR"
  c:\users\gosha\desktop\итоговая курсовая\курсовая\курсовая\курсовая.cpp(280): note: Типы, на которые указывают указатели, не связаны; для преобразования требуется reinterpret_cast, приведение в стиле С или приведение в стиле функции
c:\users\gosha\desktop\итоговая курсовая\курсовая\курсовая\курсовая.cpp(286): warning C4244: =: преобразование "LRESULT" в "int", возможна потеря данных
c:\users\gosha\desktop\итоговая курсовая\курсовая\курсовая\курсовая.cpp(289): error C2664: "int MessageBoxW(HWND,LPCWSTR,LPCWSTR,UINT)": невозможно преобразовать аргумент 2 из "const char [24]" в "LPCWSTR"
  c:\users\gosha\desktop\итоговая курсовая\курсовая\курсовая\курсовая.cpp(289): note: Типы, на которые указывают указатели, не связаны; для преобразования требуется reinterpret_cast, приведение в стиле С или приведение в стиле функции
c:\users\gosha\desktop\итоговая курсовая\курсовая\курсовая\курсовая.cpp(298): error C2664: "int MessageBoxW(HWND,LPCWSTR,LPCWSTR,UINT)": невозможно преобразовать аргумент 2 из "const char [32]" в "LPCWSTR"
  c:\users\gosha\desktop\итоговая курсовая\курсовая\курсовая\курсовая.cpp(303): note: Типы, на которые указывают указатели, не связаны; для преобразования требуется reinterpret_cast, приведение в стиле С или приведение в стиле функции
c:\users\gosha\desktop\итоговая курсовая\курсовая\курсовая\курсовая.cpp(310): error C2664: "int MessageBoxW(HWND,LPCWSTR,LPCWSTR,UINT)": невозможно преобразовать аргумент 2 из "const char [32]" в "LPCWSTR"
  c:\users\gosha\desktop\итоговая курсовая\курсовая\курсовая\курсовая.cpp(315): note: Типы, на которые указывают указатели, не связаны; для преобразования требуется reinterpret_cast, приведение в стиле С или приведение в стиле функции
c:\users\gosha\desktop\итоговая курсовая\курсовая\курсовая\курсовая.cpp(322): error C2664: "int MessageBoxW(HWND,LPCWSTR,LPCWSTR,UINT)": невозможно преобразовать аргумент 2 из "const char [32]" в "LPCWSTR"
  c:\users\gosha\desktop\итоговая курсовая\курсовая\курсовая\курсовая.cpp(327): note: Типы, на которые указывают указатели, не связаны; для преобразования требуется reinterpret_cast, приведение в стиле С или приведение в стиле функции
c:\users\gosha\desktop\итоговая курсовая\курсовая\курсовая\курсовая.cpp(336): error C2664: "int MessageBoxW(HWND,LPCWSTR,LPCWSTR,UINT)": невозможно преобразовать аргумент 2 из "const char [32]" в "LPCWSTR"
  c:\users\gosha\desktop\итоговая курсовая\курсовая\курсовая\курсовая.cpp(341): note: Типы, на которые указывают указатели, не связаны; для преобразования требуется reinterpret_cast, приведение в стиле С или приведение в стиле функции
c:\users\gosha\desktop\итоговая курсовая\курсовая\курсовая\курсовая.cpp(351): error C2664: "int MessageBoxW(HWND,LPCWSTR,LPCWSTR,UINT)": невозможно преобразовать аргумент 2 из "const char [12]" в "LPCWSTR"
  c:\users\gosha\desktop\итоговая курсовая\курсовая\курсовая\курсовая.cpp(356): note: Типы, на которые указывают указатели, не связаны; для преобразования требуется reinterpret_cast, приведение в стиле С или приведение в стиле функции
c:\users\gosha\desktop\итоговая курсовая\курсовая\курсовая\курсовая.cpp(365): warning C4267: =: преобразование из "size_t" в "int"; возможна потеря данных
c:\users\gosha\desktop\итоговая курсовая\курсовая\курсовая\курсовая.cpp(375): error C2664: "int MessageBoxW(HWND,LPCWSTR,LPCWSTR,UINT)": невозможно преобразовать аргумент 2 из "const char [12]" в "LPCWSTR"
  c:\users\gosha\desktop\итоговая курсовая\курсовая\курсовая\курсовая.cpp(380): note: Типы, на которые указывают указатели, не связаны; для преобразования требуется reinterpret_cast, приведение в стиле С или приведение в стиле функции
c:\users\gosha\desktop\итоговая курсовая\курсовая\курсовая\курсовая.cpp(395): error C2664: "LPWSTR lstrcpyW(LPWSTR,LPCWSTR)": невозможно преобразовать аргумент 1 из "LPSTR" в "LPWSTR"
  c:\users\gosha\desktop\итоговая курсовая\курсовая\курсовая\курсовая.cpp(395): note: Типы, на которые указывают указатели, не связаны; для преобразования требуется reinterpret_cast, приведение в стиле С или приведение в стиле функции
c:\users\gosha\desktop\итоговая курсовая\курсовая\курсовая\курсовая.cpp(401): error C2664: "BOOL TextOutW(HDC,int,int,LPCWSTR,int)": невозможно преобразовать аргумент 4 из "const char [3]" в "LPCWSTR"
  c:\users\gosha\desktop\итоговая курсовая\курсовая\курсовая\курсовая.cpp(401): note: Типы, на которые указывают указатели, не связаны; для преобразования требуется reinterpret_cast, приведение в стиле С или приведение в стиле функции
c:\users\gosha\desktop\итоговая курсовая\курсовая\курсовая\курсовая.cpp(402): error C2664: "BOOL TextOutW(HDC,int,int,LPCWSTR,int)": невозможно преобразовать аргумент 4 из "const char [16]" в "LPCWSTR"
  c:\users\gosha\desktop\итоговая курсовая\курсовая\курсовая\курсовая.cpp(402): note: Типы, на которые указывают указатели, не связаны; для преобразования требуется reinterpret_cast, приведение в стиле С или приведение в стиле функции
c:\users\gosha\desktop\итоговая курсовая\курсовая\курсовая\курсовая.cpp(403): error C2664: "BOOL TextOutW(HDC,int,int,LPCWSTR,int)": невозможно преобразовать аргумент 4 из "const char [15]" в "LPCWSTR"
  c:\users\gosha\desktop\итоговая курсовая\курсовая\курсовая\курсовая.cpp(403): note: Типы, на которые указывают указатели, не связаны; для преобразования требуется reinterpret_cast, приведение в стиле С или приведение в стиле функции
c:\users\gosha\desktop\итоговая курсовая\курсовая\курсовая\курсовая.cpp(404): error C2664: "BOOL TextOutW(HDC,int,int,LPCWSTR,int)": невозможно преобразовать аргумент 4 из "const char [15]" в "LPCWSTR"
  c:\users\gosha\desktop\итоговая курсовая\курсовая\курсовая\курсовая.cpp(404): note: Типы, на которые указывают указатели, не связаны; для преобразования требуется reinterpret_cast, приведение в стиле С или приведение в стиле функции
c:\users\gosha\desktop\итоговая курсовая\курсовая\курсовая\курсовая.cpp(405): error C2664: "BOOL TextOutW(HDC,int,int,LPCWSTR,int)": невозможно преобразовать аргумент 4 из "const char [23]" в "LPCWSTR"
  c:\users\gosha\desktop\итоговая курсовая\курсовая\курсовая\курсовая.cpp(405): note: Типы, на которые указывают указатели, не связаны; для преобразования требуется reinterpret_cast, приведение в стиле С или приведение в стиле функции
c:\users\gosha\desktop\итоговая курсовая\курсовая\курсовая\курсовая.cpp(406): error C2664: "BOOL TextOutW(HDC,int,int,LPCWSTR,int)": невозможно преобразовать аргумент 4 из "const char [11]" в "LPCWSTR"
  c:\users\gosha\desktop\итоговая курсовая\курсовая\курсовая\курсовая.cpp(406): note: Типы, на которые указывают указатели, не связаны; для преобразования требуется reinterpret_cast, приведение в стиле С или приведение в стиле функции
c:\users\gosha\desktop\итоговая курсовая\курсовая\курсовая\курсовая.cpp(463): error C2664: "UINT GetDlgItemTextW(HWND,int,LPWSTR,int)": невозможно преобразовать аргумент 3 из "char [10]" в "LPWSTR"
  c:\users\gosha\desktop\итоговая курсовая\курсовая\курсовая\курсовая.cpp(463): note: Типы, на которые указывают указатели, не связаны; для преобразования требуется reinterpret_cast, приведение в стиле С или приведение в стиле функции
c:\users\gosha\desktop\итоговая курсовая\курсовая\курсовая\курсовая.cpp(469): error C2664: "int MessageBoxW(HWND,LPCWSTR,LPCWSTR,UINT)": невозможно преобразовать аргумент 2 из "const char *" в "LPCWSTR"
  c:\users\gosha\desktop\итоговая курсовая\курсовая\курсовая\курсовая.cpp(469): note: Типы, на которые указывают указатели, не связаны; для преобразования требуется reinterpret_cast, приведение в стиле С или приведение в стиле функции
c:\users\gosha\desktop\итоговая курсовая\курсовая\курсовая\курсовая.cpp(473): error C2664: "UINT GetDlgItemTextW(HWND,int,LPWSTR,int)": невозможно преобразовать аргумент 3 из "char [100]" в "LPWSTR"
  c:\users\gosha\desktop\итоговая курсовая\курсовая\курсовая\курсовая.cpp(473): note: Типы, на которые указывают указатели, не связаны; для преобразования требуется reinterpret_cast, приведение в стиле С или приведение в стиле функции
c:\users\gosha\desktop\итоговая курсовая\курсовая\курсовая\курсовая.cpp(479): error C2664: "int MessageBoxW(HWND,LPCWSTR,LPCWSTR,UINT)": невозможно преобразовать аргумент 2 из "const char *" в "LPCWSTR"
  c:\users\gosha\desktop\итоговая курсовая\курсовая\курсовая\курсовая.cpp(479): note: Типы, на которые указывают указатели, не связаны; для преобразования требуется reinterpret_cast, приведение в стиле С или приведение в стиле функции
c:\users\gosha\desktop\итоговая курсовая\курсовая\курсовая\курсовая.cpp(493): error C2664: "UINT GetDlgItemTextW(HWND,int,LPWSTR,int)": невозможно преобразовать аргумент 3 из "char [100]" в "LPWSTR"
  c:\users\gosha\desktop\итоговая курсовая\курсовая\курсовая\курсовая.cpp(493): note: Типы, на которые указывают указатели, не связаны; для преобразования требуется reinterpret_cast, приведение в стиле С или приведение в стиле функции
c:\users\gosha\desktop\итоговая курсовая\курсовая\курсовая\курсовая.cpp(499): error C2664: "int MessageBoxW(HWND,LPCWSTR,LPCWSTR,UINT)": невозможно преобразовать аргумент 2 из "const char *" в "LPCWSTR"
  c:\users\gosha\desktop\итоговая курсовая\курсовая\курсовая\курсовая.cpp(499): note: Типы, на которые указывают указатели, не связаны; для преобразования требуется reinterpret_cast, приведение в стиле С или приведение в стиле функции
c:\users\gosha\desktop\итоговая курсовая\курсовая\курсовая\курсовая.cpp(513): error C2664: "UINT GetDlgItemTextW(HWND,int,LPWSTR,int)": невозможно преобразовать аргумент 3 из "char [100]" в "LPWSTR"
  c:\users\gosha\desktop\итоговая курсовая\курсовая\курсовая\курсовая.cpp(513): note: Типы, на которые указывают указатели, не связаны; для преобразования требуется reinterpret_cast, приведение в стиле С или приведение в стиле функции
c:\users\gosha\desktop\итоговая курсовая\курсовая\курсовая\курсовая.cpp(519): error C2664: "int MessageBoxW(HWND,LPCWSTR,LPCWSTR,UINT)": невозможно преобразовать аргумент 2 из "const char *" в "LPCWSTR"
  c:\users\gosha\desktop\итоговая курсовая\курсовая\курсовая\курсовая.cpp(519): note: Типы, на которые указывают указатели, не связаны; для преобразования требуется reinterpret_cast, приведение в стиле С или приведение в стиле функции
c:\users\gosha\desktop\итоговая курсовая\курсовая\курсовая\курсовая.cpp(532): error C2664: "UINT GetDlgItemTextW(HWND,int,LPWSTR,int)": невозможно преобразовать аргумент 3 из "char [7]" в "LPWSTR"
  c:\users\gosha\desktop\итоговая курсовая\курсовая\курсовая\курсовая.cpp(532): note: Типы, на которые указывают указатели, не связаны; для преобразования требуется reinterpret_cast, приведение в стиле С или приведение в стиле функции
c:\users\gosha\desktop\итоговая курсовая\курсовая\курсовая\курсовая.cpp(538): error C2664: "int MessageBoxW(HWND,LPCWSTR,LPCWSTR,UINT)": невозможно преобразовать аргумент 2 из "const char *" в "LPCWSTR"
  c:\users\gosha\desktop\итоговая курсовая\курсовая\курсовая\курсовая.cpp(538): note: Типы, на которые указывают указатели, не связаны; для преобразования требуется reinterpret_cast, приведение в стиле С или приведение в стиле функции
c:\users\gosha\desktop\итоговая курсовая\курсовая\курсовая\курсовая.cpp(542): error C2664: "UINT GetDlgItemTextW(HWND,int,LPWSTR,int)": невозможно преобразовать аргумент 3 из "char [25]" в "LPWSTR"
  c:\users\gosha\desktop\итоговая курсовая\курсовая\курсовая\курсовая.cpp(542): note: Типы, на которые указывают указатели, не связаны; для преобразования требуется reinterpret_cast, приведение в стиле С или приведение в стиле функции
c:\users\gosha\desktop\итоговая курсовая\курсовая\курсовая\курсовая.cpp(548): error C2664: "int MessageBoxW(HWND,LPCWSTR,LPCWSTR,UINT)": невозможно преобразовать аргумент 2 из "const char *" в "LPCWSTR"
  c:\users\gosha\desktop\итоговая курсовая\курсовая\курсовая\курсовая.cpp(548): note: Типы, на которые указывают указатели, не связаны; для преобразования требуется reinterpret_cast, приведение в стиле С или приведение в стиле функции
c:\users\gosha\desktop\итоговая курсовая\курсовая\курсовая\курсовая.cpp(552): error C2664: "UINT GetDlgItemTextW(HWND,int,LPWSTR,int)": невозможно преобразовать аргумент 3 из "char [10]" в "LPWSTR"
  c:\users\gosha\desktop\итоговая курсовая\курсовая\курсовая\курсовая.cpp(552): note: Типы, на которые указывают указатели, не связаны; для преобразования требуется reinterpret_cast, приведение в стиле С или приведение в стиле функции
c:\users\gosha\desktop\итоговая курсовая\курсовая\курсовая\курсовая.cpp(558): error C2664: "int MessageBoxW(HWND,LPCWSTR,LPCWSTR,UINT)": невозможно преобразовать аргумент 2 из "const char *" в "LPCWSTR"
  c:\users\gosha\desktop\итоговая курсовая\курсовая\курсовая\курсовая.cpp(558): note: Типы, на которые указывают указатели, не связаны; для преобразования требуется reinterpret_cast, приведение в стиле С или приведение в стиле функции
c:\users\gosha\desktop\итоговая курсовая\курсовая\курсовая\курсовая.cpp(813): error C2664: "UINT GetDlgItemTextW(HWND,int,LPWSTR,int)": невозможно преобразовать аргумент 3 из "char [100]" в "LPWSTR"
  c:\users\gosha\desktop\итоговая курсовая\курсовая\курсовая\курсовая.cpp(813): note: Типы, на которые указывают указатели, не связаны; для преобразования требуется reinterpret_cast, приведение в стиле С или приведение в стиле функции
c:\users\gosha\desktop\итоговая курсовая\курсовая\курсовая\курсовая.cpp(826): error C2664: "UINT GetDlgItemTextW(HWND,int,LPWSTR,int)": невозможно преобразовать аргумент 3 из "char [100]" в "LPWSTR"
  c:\users\gosha\desktop\итоговая курсовая\курсовая\курсовая\курсовая.cpp(826): note: Типы, на которые указывают указатели, не связаны; для преобразования требуется reinterpret_cast, приведение в стиле С или приведение в стиле функции
c:\users\gosha\desktop\итоговая курсовая\курсовая\курсовая\курсовая.cpp(838): error C2664: "UINT GetDlgItemTextW(HWND,int,LPWSTR,int)": невозможно преобразовать аргумент 3 из "char [100]" в "LPWSTR"
  c:\users\gosha\desktop\итоговая курсовая\курсовая\курсовая\курсовая.cpp(838): note: Типы, на которые указывают указатели, не связаны; для преобразования требуется reinterpret_cast, приведение в стиле С или приведение в стиле функции
c:\users\gosha\desktop\итоговая курсовая\курсовая\курсовая\курсовая.cpp(850): error C2664: "UINT GetDlgItemTextW(HWND,int,LPWSTR,int)": невозможно преобразовать аргумент 3 из "char [100]" в "LPWSTR"
  c:\users\gosha\desktop\итоговая курсовая\курсовая\курсовая\курсовая.cpp(850): note: Типы, на которые указывают указатели, не связаны; для преобразования требуется reinterpret_cast, приведение в стиле С или приведение в стиле функции
c:\users\gosha\desktop\итоговая курсовая\курсовая\курсовая\курсовая.cpp(863): error C2664: "UINT GetDlgItemTextW(HWND,int,LPWSTR,int)": невозможно преобразовать аргумент 3 из "char [100]" в "LPWSTR"
  c:\users\gosha\desktop\итоговая курсовая\курсовая\курсовая\курсовая.cpp(863): note: Типы, на которые указывают указатели, не связаны; для преобразования требуется reinterpret_cast, приведение в стиле С или приведение в стиле функции
c:\users\gosha\desktop\итоговая курсовая\курсовая\курсовая\курсовая.cpp(875): error C2664: "UINT GetDlgItemTextW(HWND,int,LPWSTR,int)": невозможно преобразовать аргумент 3 из "char [100]" в "LPWSTR"
  c:\users\gosha\desktop\итоговая курсовая\курсовая\курсовая\курсовая.cpp(875): note: Типы, на которые указывают указатели, не связаны; для преобразования требуется reinterpret_cast, приведение в стиле С или приведение в стиле функции
c:\users\gosha\desktop\итоговая курсовая\курсовая\курсовая\курсовая.cpp(890): error C2664: "UINT GetDlgItemTextW(HWND,int,LPWSTR,int)": невозможно преобразовать аргумент 3 из "char [100]" в "LPWSTR"
  c:\users\gosha\desktop\итоговая курсовая\курсовая\курсовая\курсовая.cpp(890): note: Типы, на которые указывают указатели, не связаны; для преобразования требуется reinterpret_cast, приведение в стиле С или приведение в стиле функции
c:\users\gosha\desktop\итоговая курсовая\курсовая\курсовая\курсовая.cpp(1018): error C2664: "BOOL SetDlgItemTextW(HWND,int,LPCWSTR)": невозможно преобразовать аргумент 3 из "char [200]" в "LPCWSTR"
  c:\users\gosha\desktop\итоговая курсовая\курсовая\курсовая\курсовая.cpp(1018): note: Типы, на которые указывают указатели, не связаны; для преобразования требуется reinterpret_cast, приведение в стиле С или приведение в стиле функции
c:\users\gosha\desktop\итоговая курсовая\курсовая\курсовая\курсовая.cpp(1024): error C2664: "BOOL SetDlgItemTextW(HWND,int,LPCWSTR)": невозможно преобразовать аргумент 3 из "char [200]" в "LPCWSTR"
  c:\users\gosha\desktop\итоговая курсовая\курсовая\курсовая\курсовая.cpp(1024): note: Типы, на которые указывают указатели, не связаны; для преобразования требуется reinterpret_cast, приведение в стиле С или приведение в стиле функции
c:\users\gosha\desktop\итоговая курсовая\курсовая\курсовая\курсовая.cpp(1027): error C2664: "BOOL SetDlgItemTextW(HWND,int,LPCWSTR)": невозможно преобразовать аргумент 3 из "char [200]" в "LPCWSTR"
  c:\users\gosha\desktop\итоговая курсовая\курсовая\курсовая\курсовая.cpp(1027): note: Типы, на которые указывают указатели, не связаны; для преобразования требуется reinterpret_cast, приведение в стиле С или приведение в стиле функции
c:\users\gosha\desktop\итоговая курсовая\курсовая\курсовая\курсовая.cpp(1030): error C2664: "BOOL SetDlgItemTextW(HWND,int,LPCWSTR)": невозможно преобразовать аргумент 3 из "char [200]" в "LPCWSTR"
  c:\users\gosha\desktop\итоговая курсовая\курсовая\курсовая\курсовая.cpp(1030): note: Типы, на которые указывают указатели, не связаны; для преобразования требуется reinterpret_cast, приведение в стиле С или приведение в стиле функции
c:\users\gosha\desktop\итоговая курсовая\курсовая\курсовая\курсовая.cpp(1036): error C2664: "BOOL SetDlgItemTextW(HWND,int,LPCWSTR)": невозможно преобразовать аргумент 3 из "char [200]" в "LPCWSTR"
  c:\users\gosha\desktop\итоговая курсовая\курсовая\курсовая\курсовая.cpp(1036): note: Типы, на которые указывают указатели, не связаны; для преобразования требуется reinterpret_cast, приведение в стиле С или приведение в стиле функции
c:\users\gosha\desktop\итоговая курсовая\курсовая\курсовая\курсовая.cpp(1042): error C2664: "BOOL SetDlgItemTextW(HWND,int,LPCWSTR)": невозможно преобразовать аргумент 3 из "char [200]" в "LPCWSTR"
  c:\users\gosha\desktop\итоговая курсовая\курсовая\курсовая\курсовая.cpp(1042): note: Типы, на которые указывают указатели, не связаны; для преобразования требуется reinterpret_cast, приведение в стиле С или приведение в стиле функции
c:\users\gosha\desktop\итоговая курсовая\курсовая\курсовая\курсовая.cpp(1048): error C2664: "BOOL SetDlgItemTextW(HWND,int,LPCWSTR)": невозможно преобразовать аргумент 3 из "char [200]" в "LPCWSTR"
  c:\users\gosha\desktop\итоговая курсовая\курсовая\курсовая\курсовая.cpp(1048): note: Типы, на которые указывают указатели, не связаны; для преобразования требуется reinterpret_cast, приведение в стиле С или приведение в стиле функции
c:\users\gosha\desktop\итоговая курсовая\курсовая\курсовая\курсовая.cpp(1059): error C2664: "UINT GetDlgItemTextW(HWND,int,LPWSTR,int)": невозможно преобразовать аргумент 3 из "char [10]" в "LPWSTR"
  c:\users\gosha\desktop\итоговая курсовая\курсовая\курсовая\курсовая.cpp(1059): note: Типы, на которые указывают указатели, не связаны; для преобразования требуется reinterpret_cast, приведение в стиле С или приведение в стиле функции
c:\users\gosha\desktop\итоговая курсовая\курсовая\курсовая\курсовая.cpp(1065): error C2664: "int MessageBoxW(HWND,LPCWSTR,LPCWSTR,UINT)": невозможно преобразовать аргумент 2 из "const char *" в "LPCWSTR"
  c:\users\gosha\desktop\итоговая курсовая\курсовая\курсовая\курсовая.cpp(1065): note: Типы, на которые указывают указатели, не связаны; для преобразования требуется reinterpret_cast, приведение в стиле С или приведение в стиле функции
c:\users\gosha\desktop\итоговая курсовая\курсовая\курсовая\курсовая.cpp(1069): error C2664: "UINT GetDlgItemTextW(HWND,int,LPWSTR,int)": невозможно преобразовать аргумент 3 из "char [200]" в "LPWSTR"
  c:\users\gosha\desktop\итоговая курсовая\курсовая\курсовая\курсовая.cpp(1069): note: Типы, на которые указывают указатели, не связаны; для преобразования требуется reinterpret_cast, приведение в стиле С или приведение в стиле функции
c:\users\gosha\desktop\итоговая курсовая\курсовая\курсовая\курсовая.cpp(1075): error C2664: "int MessageBoxW(HWND,LPCWSTR,LPCWSTR,UINT)": невозможно преобразовать аргумент 2 из "const char *" в "LPCWSTR"
  c:\users\gosha\desktop\итоговая курсовая\курсовая\курсовая\курсовая.cpp(1075): note: Типы, на которые указывают указатели, не связаны; для преобразования требуется reinterpret_cast, приведение в стиле С или приведение в стиле функции
c:\users\gosha\desktop\итоговая курсовая\курсовая\курсовая\курсовая.cpp(1090): error C2664: "UINT GetDlgItemTextW(HWND,int,LPWSTR,int)": невозможно преобразовать аргумент 3 из "char [200]" в "LPWSTR"
  c:\users\gosha\desktop\итоговая курсовая\курсовая\курсовая\курсовая.cpp(1090): note: Типы, на которые указывают указатели, не связаны; для преобразования требуется reinterpret_cast, приведение в стиле С или приведение в стиле функции
c:\users\gosha\desktop\итоговая курсовая\курсовая\курсовая\курсовая.cpp(1096): error C2664: "int MessageBoxW(HWND,LPCWSTR,LPCWSTR,UINT)": невозможно преобразовать аргумент 2 из "const char *" в "LPCWSTR"
  c:\users\gosha\desktop\итоговая курсовая\курсовая\курсовая\курсовая.cpp(1096): note: Типы, на которые указывают указатели, не связаны; для преобразования требуется reinterpret_cast, приведение в стиле С или приведение в стиле функции
c:\users\gosha\desktop\итоговая курсовая\курсовая\курсовая\курсовая.cpp(1110): error C2664: "UINT GetDlgItemTextW(HWND,int,LPWSTR,int)": невозможно преобразовать аргумент 3 из "char [200]" в "LPWSTR"
  c:\users\gosha\desktop\итоговая курсовая\курсовая\курсовая\курсовая.cpp(1110): note: Типы, на которые указывают указатели, не связаны; для преобразования требуется reinterpret_cast, приведение в стиле С или приведение в стиле функции
c:\users\gosha\desktop\итоговая курсовая\курсовая\курсовая\курсовая.cpp(1116): error C2664: "int MessageBoxW(HWND,LPCWSTR,LPCWSTR,UINT)": невозможно преобразовать аргумент 2 из "const char *" в "LPCWSTR"
  c:\users\gosha\desktop\итоговая курсовая\курсовая\курсовая\курсовая.cpp(1116): note: Типы, на которые указывают указатели, не связаны; для преобразования требуется reinterpret_cast, приведение в стиле С или приведение в стиле функции
c:\users\gosha\desktop\итоговая курсовая\курсовая\курсовая\курсовая.cpp(1130): warning C4267: =: преобразование из "size_t" в "int"; возможна потеря данных
c:\users\gosha\desktop\итоговая курсовая\курсовая\курсовая\курсовая.cpp(1147): error C2664: "UINT GetDlgItemTextW(HWND,int,LPWSTR,int)": невозможно преобразовать аргумент 3 из "char [7]" в "LPWSTR"
  c:\users\gosha\desktop\итоговая курсовая\курсовая\курсовая\курсовая.cpp(1147): note: Типы, на которые указывают указатели, не связаны; для преобразования требуется reinterpret_cast, приведение в стиле С или приведение в стиле функции
c:\users\gosha\desktop\итоговая курсовая\курсовая\курсовая\курсовая.cpp(1153): error C2664: "int MessageBoxW(HWND,LPCWSTR,LPCWSTR,UINT)": невозможно преобразовать аргумент 2 из "const char *" в "LPCWSTR"
  c:\users\gosha\desktop\итоговая курсовая\курсовая\курсовая\курсовая.cpp(1153): note: Типы, на которые указывают указатели, не связаны; для преобразования требуется reinterpret_cast, приведение в стиле С или приведение в стиле функции
c:\users\gosha\desktop\итоговая курсовая\курсовая\курсовая\курсовая.cpp(1157): error C2664: "UINT GetDlgItemTextW(HWND,int,LPWSTR,int)": невозможно преобразовать аргумент 3 из "char [25]" в "LPWSTR"
  c:\users\gosha\desktop\итоговая курсовая\курсовая\курсовая\курсовая.cpp(1157): note: Типы, на которые указывают указатели, не связаны; для преобразования требуется reinterpret_cast, приведение в стиле С или приведение в стиле функции
c:\users\gosha\desktop\итоговая курсовая\курсовая\курсовая\курсовая.cpp(1163): error C2664: "int MessageBoxW(HWND,LPCWSTR,LPCWSTR,UINT)": невозможно преобразовать аргумент 2 из "const char *" в "LPCWSTR"
  c:\users\gosha\desktop\итоговая курсовая\курсовая\курсовая\курсовая.cpp(1163): note: Типы, на которые указывают указатели, не связаны; для преобразования требуется reinterpret_cast, приведение в стиле С или приведение в стиле функции
c:\users\gosha\desktop\итоговая курсовая\курсовая\курсовая\курсовая.cpp(1167): error C2664: "UINT GetDlgItemTextW(HWND,int,LPWSTR,int)": невозможно преобразовать аргумент 3 из "char [10]" в "LPWSTR"
  c:\users\gosha\desktop\итоговая курсовая\курсовая\курсовая\курсовая.cpp(1167): note: Типы, на которые указывают указатели, не связаны; для преобразования требуется reinterpret_cast, приведение в стиле С или приведение в стиле функции
c:\users\gosha\desktop\итоговая курсовая\курсовая\курсовая\курсовая.cpp(1173): error C2664: "int MessageBoxW(HWND,LPCWSTR,LPCWSTR,UINT)": невозможно преобразовать аргумент 2 из "const char *" в "LPCWSTR"
  c:\users\gosha\desktop\итоговая курсовая\курсовая\курсовая\курсовая.cpp(1173): note: Типы, на которые указывают указатели, не связаны; для преобразования требуется reinterpret_cast, приведение в стиле С или приведение в стиле функции
c:\users\gosha\desktop\итоговая курсовая\курсовая\курсовая\курсовая.cpp(1453): error C2664: "UINT GetDlgItemTextW(HWND,int,LPWSTR,int)": невозможно преобразовать аргумент 3 из "char [200]" в "LPWSTR"
  c:\users\gosha\desktop\итоговая курсовая\курсовая\курсовая\курсовая.cpp(1453): note: Типы, на которые указывают указатели, не связаны; для преобразования требуется reinterpret_cast, приведение в стиле С или приведение в стиле функции
c:\users\gosha\desktop\итоговая курсовая\курсовая\курсовая\курсовая.cpp(1456): error C2664: "UINT GetDlgItemTextW(HWND,int,LPWSTR,int)": невозможно преобразовать аргумент 3 из "char [200]" в "LPWSTR"
  c:\users\gosha\desktop\итоговая курсовая\курсовая\курсовая\курсовая.cpp(1456): note: Типы, на которые указывают указатели, не связаны; для преобразования требуется reinterpret_cast, приведение в стиле С или приведение в стиле функции
c:\users\gosha\desktop\итоговая курсовая\курсовая\курсовая\курсовая.cpp(1469): error C2664: "UINT GetDlgItemTextW(HWND,int,LPWSTR,int)": невозможно преобразовать аргумент 3 из "char [200]" в "LPWSTR"
  c:\users\gosha\desktop\итоговая курсовая\курсовая\курсовая\курсовая.cpp(1469): note: Типы, на которые указывают указатели, не связаны; для преобразования требуется reinterpret_cast, приведение в стиле С или приведение в стиле функции
c:\users\gosha\desktop\итоговая курсовая\курсовая\курсовая\курсовая.cpp(1482): error C2664: "UINT GetDlgItemTextW(HWND,int,LPWSTR,int)": невозможно преобразовать аргумент 3 из "char [200]" в "LPWSTR"
  c:\users\gosha\desktop\итоговая курсовая\курсовая\курсовая\курсовая.cpp(1482): note: Типы, на которые указывают указатели, не связаны; для преобразования требуется reinterpret_cast, приведение в стиле С или приведение в стиле функции
c:\users\gosha\desktop\итоговая курсовая\курсовая\курсовая\курсовая.cpp(1495): error C2664: "UINT GetDlgItemTextW(HWND,int,LPWSTR,int)": невозможно преобразовать аргумент 3 из "char [200]" в "LPWSTR"
  c:\users\gosha\desktop\итоговая курсовая\курсовая\курсовая\курсовая.cpp(1495): note: Типы, на которые указывают указатели, не связаны; для преобразования требуется reinterpret_cast, приведение в стиле С или приведение в стиле функции
c:\users\gosha\desktop\итоговая курсовая\курсовая\курсовая\курсовая.cpp(1509): error C2664: "int MessageBoxW(HWND,LPCWSTR,LPCWSTR,UINT)": невозможно преобразовать аргумент 2 из "const char [34]" в "LPCWSTR"
  c:\users\gosha\desktop\итоговая курсовая\курсовая\курсовая\курсовая.cpp(1509): note: Типы, на которые указывают указатели, не связаны; для преобразования требуется reinterpret_cast, приведение в стиле С или приведение в стиле функции
c:\users\gosha\desktop\итоговая курсовая\курсовая\курсовая\курсовая.cpp(1514): error C2664: "UINT GetDlgItemTextW(HWND,int,LPWSTR,int)": невозможно преобразовать аргумент 3 из "char [200]" в "LPWSTR"
  c:\users\gosha\desktop\итоговая курсовая\курсовая\курсовая\курсовая.cpp(1514): note: Типы, на которые указывают указатели, не связаны; для преобразования требуется reinterpret_cast, приведение в стиле С или приведение в стиле функции
c:\users\gosha\desktop\итоговая курсовая\курсовая\курсовая\курсовая.cpp(1517): error C2664: "UINT GetDlgItemTextW(HWND,int,LPWSTR,int)": невозможно преобразовать аргумент 3 из "char [200]" в "LPWSTR"
  c:\users\gosha\desktop\итоговая курсовая\курсовая\курсовая\курсовая.cpp(1517): note: Типы, на которые указывают указатели, не связаны; для преобразования требуется reinterpret_cast, приведение в стиле С или приведение в стиле функции
c:\users\gosha\desktop\итоговая курсовая\курсовая\курсовая\курсовая.cpp(1521): error C2664: "UINT GetDlgItemTextW(HWND,int,LPWSTR,int)": невозможно преобразовать аргумент 3 из "char [200]" в "LPWSTR"
  c:\users\gosha\desktop\итоговая курсовая\курсовая\курсовая\курсовая.cpp(1521): note: Типы, на которые указывают указатели, не связаны; для преобразования требуется reinterpret_cast, приведение в стиле С или приведение в стиле функции
c:\users\gosha\desktop\итоговая курсовая\курсовая\курсовая\курсовая.cpp(1524): error C2664: "UINT GetDlgItemTextW(HWND,int,LPWSTR,int)": невозможно преобразовать аргумент 3 из "char [200]" в "LPWSTR"
  c:\users\gosha\desktop\итоговая курсовая\курсовая\курсовая\курсовая.cpp(1524): note: Типы, на которые указывают указатели, не связаны; для преобразования требуется reinterpret_cast, приведение в стиле С или приведение в стиле функции
c:\users\gosha\desktop\итоговая курсовая\курсовая\курсовая\курсовая.cpp(1535): error C2664: "UINT GetDlgItemTextW(HWND,int,LPWSTR,int)": невозможно преобразовать аргумент 3 из "char [200]" в "LPWSTR"
  c:\users\gosha\desktop\итоговая курсовая\курсовая\курсовая\курсовая.cpp(1535): note: Типы, на которые указывают указатели, не связаны; для преобразования требуется reinterpret_cast, приведение в стиле С или приведение в стиле функции
c:\users\gosha\desktop\итоговая курсовая\курсовая\курсовая\курсовая.cpp(1539): error C2664: "UINT GetDlgItemTextW(HWND,int,LPWSTR,int)": невозможно преобразовать аргумент 3 из "char [200]" в "LPWSTR"
  c:\users\gosha\desktop\итоговая курсовая\курсовая\курсовая\курсовая.cpp(1539): note: Типы, на которые указывают указатели, не связаны; для преобразования требуется reinterpret_cast, приведение в стиле С или приведение в стиле функции
c:\users\gosha\desktop\итоговая курсовая\курсовая\курсовая\курсовая.cpp(1542): error C2664: "UINT GetDlgItemTextW(HWND,int,LPWSTR,int)": невозможно преобразовать аргумент 3 из "char [200]" в "LPWSTR"
  c:\users\gosha\desktop\итоговая курсовая\курсовая\курсовая\курсовая.cpp(1542): note: Типы, на которые указывают указатели, не связаны; для преобразования требуется reinterpret_cast, приведение в стиле С или приведение в стиле функции
c:\users\gosha\desktop\итоговая курсовая\курсовая\курсовая\курсовая.cpp(1552): error C2664: "UINT GetDlgItemTextW(HWND,int,LPWSTR,int)": невозможно преобразовать аргумент 3 из "char [200]" в "LPWSTR"
  c:\users\gosha\desktop\итоговая курсовая\курсовая\курсовая\курсовая.cpp(1552): note: Типы, на которые указывают указатели, не связаны; для преобразования требуется reinterpret_cast, приведение в стиле С или приведение в стиле функции
c:\users\gosha\desktop\итоговая курсовая\курсовая\курсовая\курсовая.cpp(1556): error C2664: "UINT GetDlgItemTextW(HWND,int,LPWSTR,int)": невозможно преобразовать аргумент 3 из "char [200]" в "LPWSTR"
  c:\users\gosha\desktop\итоговая курсовая\курсовая\курсовая\курсовая.cpp(1556): note: Типы, на которые указывают указатели, не связаны; для преобразования требуется reinterpret_cast, приведение в стиле С или приведение в стиле функции
c:\users\gosha\desktop\итоговая курсовая\курсовая\курсовая\курсовая.cpp(1559): error C2664: "UINT GetDlgItemTextW(HWND,int,LPWSTR,int)": невозможно преобразовать аргумент 3 из "char [200]" в "LPWSTR"
  c:\users\gosha\desktop\итоговая курсовая\курсовая\курсовая\курсовая.cpp(1559): note: Типы, на которые указывают указатели, не связаны; для преобразования требуется reinterpret_cast, приведение в стиле С или приведение в стиле функции
c:\users\gosha\desktop\итоговая курсовая\курсовая\курсовая\курсовая.cpp(1569): error C2664: "UINT GetDlgItemTextW(HWND,int,LPWSTR,int)": невозможно преобразовать аргумент 3 из "char [200]" в "LPWSTR"
  c:\users\gosha\desktop\итоговая курсовая\курсовая\курсовая\курсовая.cpp(1569): note: Типы, на которые указывают указатели, не связаны; для преобразования требуется reinterpret_cast, приведение в стиле С или приведение в стиле функции
c:\users\gosha\desktop\итоговая курсовая\курсовая\курсовая\курсовая.cpp(1573): error C2664: "UINT GetDlgItemTextW(HWND,int,LPWSTR,int)": невозможно преобразовать аргумент 3 из "char [200]" в "LPWSTR"
  c:\users\gosha\desktop\итоговая курсовая\курсовая\курсовая\курсовая.cpp(1573): note: Типы, на которые указывают указатели, не связаны; для преобразования требуется reinterpret_cast, приведение в стиле С или приведение в стиле функции
c:\users\gosha\desktop\итоговая курсовая\курсовая\курсовая\курсовая.cpp(1576): error C2664: "UINT GetDlgItemTextW(HWND,int,LPWSTR,int)": невозможно преобразовать аргумент 3 из "char [200]" в "LPWSTR"
  c:\users\gosha\desktop\итоговая курсовая\курсовая\курсовая\курсовая.cpp(1576): note: Типы, на которые указывают указатели, не связаны; для преобразования требуется reinterpret_cast, приведение в стиле С или приведение в стиле функции
c:\users\gosha\desktop\итоговая курсовая\курсовая\курсовая\курсовая.cpp(1587): error C2664: "int MessageBoxW(HWND,LPCWSTR,LPCWSTR,UINT)": невозможно преобразовать аргумент 2 из "const char [34]" в "LPCWSTR"
  c:\users\gosha\desktop\итоговая курсовая\курсовая\курсовая\курсовая.cpp(1587): note: Типы, на которые указывают указатели, не связаны; для преобразования требуется reinterpret_cast, приведение в стиле С или приведение в стиле функции
c:\users\gosha\desktop\итоговая курсовая\курсовая\курсовая\курсовая.cpp(1593): error C2664: "UINT GetDlgItemTextW(HWND,int,LPWSTR,int)": невозможно преобразовать аргумент 3 из "char [200]" в "LPWSTR"
  c:\users\gosha\desktop\итоговая курсовая\курсовая\курсовая\курсовая.cpp(1593): note: Типы, на которые указывают указатели, не связаны; для преобразования требуется reinterpret_cast, приведение в стиле С или приведение в стиле функции
c:\users\gosha\desktop\итоговая курсовая\курсовая\курсовая\курсовая.cpp(1596): error C2664: "UINT GetDlgItemTextW(HWND,int,LPWSTR,int)": невозможно преобразовать аргумент 3 из "char [200]" в "LPWSTR"
  c:\users\gosha\desktop\итоговая курсовая\курсовая\курсовая\курсовая.cpp(1596): note: Типы, на которые указывают указатели, не связаны; для преобразования требуется reinterpret_cast, приведение в стиле С или приведение в стиле функции
c:\users\gosha\desktop\итоговая курсовая\курсовая\курсовая\курсовая.cpp(1609): error C2664: "UINT GetDlgItemTextW(HWND,int,LPWSTR,int)": невозможно преобразовать аргумент 3 из "char [200]" в "LPWSTR"
  c:\users\gosha\desktop\итоговая курсовая\курсовая\курсовая\курсовая.cpp(1609): note: Типы, на которые указывают указатели, не связаны; для преобразования требуется reinterpret_cast, приведение в стиле С или приведение в стиле функции
c:\users\gosha\desktop\итоговая курсовая\курсовая\курсовая\курсовая.cpp(1622): error C2664: "UINT GetDlgItemTextW(HWND,int,LPWSTR,int)": невозможно преобразовать аргумент 3 из "char [200]" в "LPWSTR"
  c:\users\gosha\desktop\итоговая курсовая\курсовая\курсовая\курсовая.cpp(1622): note: Типы, на которые указывают указатели, не связаны; для преобразования требуется reinterpret_cast, приведение в стиле С или приведение в стиле функции
c:\users\gosha\desktop\итоговая курсовая\курсовая\курсовая\курсовая.cpp(1635): error C2664: "UINT GetDlgItemTextW(HWND,int,LPWSTR,int)": невозможно преобразовать аргумент 3 из "char [200]" в "LPWSTR"
  c:\users\gosha\desktop\итоговая курсовая\курсовая\курсовая\курсовая.cpp(1635): note: Типы, на которые указывают указатели, не связаны; для преобразования требуется reinterpret_cast, приведение в стиле С или приведение в стиле функции
c:\users\gosha\desktop\итоговая курсовая\курсовая\курсовая\курсовая.cpp(1649): error C2664: "int MessageBoxW(HWND,LPCWSTR,LPCWSTR,UINT)": невозможно преобразовать аргумент 2 из "const char [34]" в "LPCWSTR"
  c:\users\gosha\desktop\итоговая курсовая\курсовая\курсовая\курсовая.cpp(1649): note: Типы, на которые указывают указатели, не связаны; для преобразования требуется reinterpret_cast, приведение в стиле С или приведение в стиле функции
c:\users\gosha\desktop\итоговая курсовая\курсовая\курсовая\курсовая.cpp(1654): error C2664: "UINT GetDlgItemTextW(HWND,int,LPWSTR,int)": невозможно преобразовать аргумент 3 из "char [200]" в "LPWSTR"
  c:\users\gosha\desktop\итоговая курсовая\курсовая\курсовая\курсовая.cpp(1654): note: Типы, на которые указывают указатели, не связаны; для преобразования требуется reinterpret_cast, приведение в стиле С или приведение в стиле функции
c:\users\gosha\desktop\итоговая курсовая\курсовая\курсовая\курсовая.cpp(1657): error C2664: "UINT GetDlgItemTextW(HWND,int,LPWSTR,int)": невозможно преобразовать аргумент 3 из "char [200]" в "LPWSTR"
  c:\users\gosha\desktop\итоговая курсовая\курсовая\курсовая\курсовая.cpp(1657): note: Типы, на которые указывают указатели, не связаны; для преобразования требуется reinterpret_cast, приведение в стиле С или приведение в стиле функции
c:\users\gosha\desktop\итоговая курсовая\курсовая\курсовая\курсовая.cpp(1666): error C2664: "UINT GetDlgItemTextW(HWND,int,LPWSTR,int)": невозможно преобразовать аргумент 3 из "char [200]" в "LPWSTR"
  c:\users\gosha\desktop\итоговая курсовая\курсовая\курсовая\курсовая.cpp(1666): note: Типы, на которые указывают указатели, не связаны; для преобразования требуется reinterpret_cast, приведение в стиле С или приведение в стиле функции
c:\users\gosha\desktop\итоговая курсовая\курсовая\курсовая\курсовая.cpp(1675): error C2664: "UINT GetDlgItemTextW(HWND,int,LPWSTR,int)": невозможно преобразовать аргумент 3 из "char [200]" в "LPWSTR"
  c:\users\gosha\desktop\итоговая курсовая\курсовая\курсовая\курсовая.cpp(1675): note: Типы, на которые указывают указатели, не связаны; для преобразования требуется reinterpret_cast, приведение в стиле С или приведение в стиле функции
c:\users\gosha\desktop\итоговая курсовая\курсовая\курсовая\курсовая.cpp(1684): error C2664: "UINT GetDlgItemTextW(HWND,int,LPWSTR,int)": невозможно преобразовать аргумент 3 из "char [200]" в "LPWSTR"
  c:\users\gosha\desktop\итоговая курсовая\курсовая\курсовая\курсовая.cpp(1684): note: Типы, на которые указывают указатели, не связаны; для преобразования требуется reinterpret_cast, приведение в стиле С или приведение в стиле функции
c:\users\gosha\desktop\итоговая курсовая\курсовая\курсовая\курсовая.cpp(1693): error C2664: "UINT GetDlgItemTextW(HWND,int,LPWSTR,int)": невозможно преобразовать аргумент 3 из "char [200]" в "LPWSTR"
  c:\users\gosha\desktop\итоговая курсовая\курсовая\курсовая\курсовая.cpp(1693): note: Типы, на которые указывают указатели, не связаны; для преобразования требуется reinterpret_cast, приведение в стиле С или приведение в стиле функции
c:\users\gosha\desktop\итоговая курсовая\курсовая\курсовая\курсовая.cpp(1702): error C2664: "int MessageBoxW(HWND,LPCWSTR,LPCWSTR,UINT)": невозможно преобразовать аргумент 2 из "const char [34]" в "LPCWSTR"
  c:\users\gosha\desktop\итоговая курсовая\курсовая\курсовая\курсовая.cpp(1702): note: Типы, на которые указывают указатели, не связаны; для преобразования требуется reinterpret_cast, приведение в стиле С или приведение в стиле функции
c:\users\gosha\desktop\итоговая курсовая\курсовая\курсовая\курсовая.cpp(1708): error C2664: "UINT GetDlgItemTextW(HWND,int,LPWSTR,int)": невозможно преобразовать аргумент 3 из "char [200]" в "LPWSTR"
  c:\users\gosha\desktop\итоговая курсовая\курсовая\курсовая\курсовая.cpp(1708): note: Типы, на которые указывают указатели, не связаны; для преобразования требуется reinterpret_cast, приведение в стиле С или приведение в стиле функции
c:\users\gosha\desktop\итоговая курсовая\курсовая\курсовая\курсовая.cpp(1711): error C2664: "UINT GetDlgItemTextW(HWND,int,LPWSTR,int)": невозможно преобразовать аргумент 3 из "char [200]" в "LPWSTR"
  c:\users\gosha\desktop\итоговая курсовая\курсовая\курсовая\курсовая.cpp(1711): note: Типы, на которые указывают указатели, не связаны; для преобразования требуется reinterpret_cast, приведение в стиле С или приведение в стиле функции
c:\users\gosha\desktop\итоговая курсовая\курсовая\курсовая\курсовая.cpp(1724): error C2664: "UINT GetDlgItemTextW(HWND,int,LPWSTR,int)": невозможно преобразовать аргумент 3 из "char [200]" в "LPWSTR"
  c:\users\gosha\desktop\итоговая курсовая\курсовая\курсовая\курсовая.cpp(1724): note: Типы, на которые указывают указатели, не связаны; для преобразования требуется reinterpret_cast, приведение в стиле С или приведение в стиле функции
c:\users\gosha\desktop\итоговая курсовая\курсовая\курсовая\курсовая.cpp(1737): error C2664: "UINT GetDlgItemTextW(HWND,int,LPWSTR,int)": невозможно преобразовать аргумент 3 из "char [200]" в "LPWSTR"
  c:\users\gosha\desktop\итоговая курсовая\курсовая\курсовая\курсовая.cpp(1737): note: Типы, на которые указывают указатели, не связаны; для преобразования требуется reinterpret_cast, приведение в стиле С или приведение в стиле функции
c:\users\gosha\desktop\итоговая курсовая\курсовая\курсовая\курсовая.cpp(1750): error C2664: "UINT GetDlgItemTextW(HWND,int,LPWSTR,int)": невозможно преобразовать аргумент 3 из "char [200]" в "LPWSTR"
c:\users\gosha\desktop\итоговая курсовая\курсовая\курсовая\курсовая.cpp(1750): fatal error C1003: число ошибок превышает 100; остановка компиляции
  Создание кода...
